[INFO] Scanning for projects...
[ERROR] [ERROR] Some problems were encountered while processing the POMs:
[WARNING] 'artifactId' contains an expression but should be a constant. @ org.apache.sedona:sedona-spark-parent-${spark.compat.version}_${scala.compat.version}:1.5.1-SNAPSHOT, /home/brunok/apache-ysoserial-vuln/pom/apache-sedona/spark/pom.xml, line 28, column 14
[ERROR] Child module /home/brunok/apache-ysoserial-vuln/pom/apache-sedona/spark/spark-3.0 of /home/brunok/apache-ysoserial-vuln/pom/apache-sedona/spark/pom.xml does not exist @ 
[WARNING] 'artifactId' contains an expression but should be a constant. @ org.apache.sedona:sedona-spark-shaded-${spark.compat.version}_${scala.compat.version}:1.5.1-SNAPSHOT, /home/brunok/apache-ysoserial-vuln/pom/apache-sedona/spark-shaded/pom.xml, line 27, column 17
[WARNING] 'artifactId' contains an expression but should be a constant. @ org.apache.sedona:sedona-flink_${scala.compat.version}:1.5.1-SNAPSHOT, /home/brunok/apache-ysoserial-vuln/pom/apache-sedona/flink/pom.xml, line 28, column 14
[WARNING] 'artifactId' contains an expression but should be a constant. @ org.apache.sedona:sedona-flink-shaded_${scala.compat.version}:1.5.1-SNAPSHOT, /home/brunok/apache-ysoserial-vuln/pom/apache-sedona/flink-shaded/pom.xml, line 27, column 17
 @ 
[ERROR] The build could not read 1 project -> [Help 1]
[ERROR]   
[ERROR]   The project org.apache.sedona:sedona-spark-parent-3.0_2.12:1.5.1-SNAPSHOT (/home/brunok/apache-ysoserial-vuln/pom/apache-sedona/spark/pom.xml) has 1 error
[ERROR]     Child module /home/brunok/apache-ysoserial-vuln/pom/apache-sedona/spark/spark-3.0 of /home/brunok/apache-ysoserial-vuln/pom/apache-sedona/spark/pom.xml does not exist
[ERROR] 
[ERROR] To see the full stack trace of the errors, re-run Maven with the -e switch.
[ERROR] Re-run Maven using the -X switch to enable full debug logging.
[ERROR] 
[ERROR] For more information about the errors and possible solutions, please read the following articles:
[ERROR] [Help 1] http://cwiki.apache.org/confluence/display/MAVEN/ProjectBuildingException
